#
# A fatal error has been detected by the Java Runtime Environment:
#
#  EXCEPTION_ACCESS_VIOLATION (0xc0000005) at pc=0x00000000, pid=2556, tid=5960
#
# JRE version: Java(TM) SE Runtime Environment (8.0_51-b16) (build 1.8.0_51-b16)
# Java VM: Java HotSpot(TM) Client VM (25.51-b03 mixed mode windows-x86 )
# Problematic frame:
# C  0x00000000
#
# Failed to write core dump. Minidumps are not enabled by default on client versions of Windows
#
# If you would like to submit a bug report, please visit:
#   http://bugreport.java.com/bugreport/crash.jsp
# The crash happened outside the Java Virtual Machine in native code.
# See problematic frame for where to report the bug.
#

---------------  T H R E A D  ---------------

Current thread (0x008cc400):  JavaThread "main" [_thread_in_native, id=5960, stack(0x00f90000,0x00fe0000)]

siginfo: ExceptionCode=0xc0000005, ExceptionInformation=0x00000008 0x00000000

Registers:
EAX=0x0080e6e8, EBX=0x40000000, ECX=0x0075d888, EDX=0x00747418
ESP=0x00fde05c, EBP=0x00fdf0d4, ESI=0x0075d888, EDI=0x00000000
EIP=0x00000000, EFLAGS=0x00010217

Top of Stack: (sp=0x00fde05c)
0x00fde05c:   5ce5d00c 007ae168 00000001 00fdf108
0x00fde06c:   0075d888 00000000 00000000 00fde4d0
0x00fde07c:   00000000 007a8e4c 007ae168 00000000
0x00fde08c:   00000000 00000000 00000000 00000000
0x00fde09c:   00000004 0041004d 00480043 004e0049
0x00fde0ac:   005c0045 004f0053 00540046 00410057
0x00fde0bc:   00450052 0043005c 0061006c 00730073
0x00fde0cc:   00730065 0057005c 0077006f 00340036 

Instructions: (pc=0x00000000)
0xffffffe0:   


Register to memory mapping:

EAX=0x0080e6e8 is an unknown value
EBX=0x40000000 is an unknown value
ECX=0x0075d888 is an unknown value
EDX=0x00747418 is an unknown value
ESP=0x00fde05c is pointing into the stack for thread: 0x008cc400
EBP=0x00fdf0d4 is pointing into the stack for thread: 0x008cc400
ESI=0x0075d888 is an unknown value
EDI=0x00000000 is an unknown value


Stack: [0x00f90000,0x00fe0000],  sp=0x00fde05c,  free space=312k
Java frames: (J=compiled Java code, j=interpreted, Vv=VM code)
j  org.eclipse.swt.internal.win32.OS.DispatchMessageW(Lorg/eclipse/swt/internal/win32/MSG;)I+0
j  org.eclipse.swt.internal.win32.OS.DispatchMessage(Lorg/eclipse/swt/internal/win32/MSG;)I+7
j  org.eclipse.swt.widgets.Display.readAndDispatch()Z+64
j  chrriis.dj.nativeswing.swtimpl.core.SWTNativeInterface$OutProcess.runNativeSide([Ljava/lang/String;)V+537
j  chrriis.dj.nativeswing.swtimpl.core.SWTNativeInterface.main_([Ljava/lang/String;)V+1
j  chrriis.dj.nativeswing.swtimpl.NativeInterface.main([Ljava/lang/String;)V+7
v  ~StubRoutines::call_stub

---------------  P R O C E S S  ---------------

Java Threads: ( => current thread )
  0x15052400 JavaThread "Forced VM termination thread" [_thread_blocked, id=8452, stack(0x168d0000,0x16920000)]
  0x15052000 JavaThread "Thread-0" [_thread_blocked, id=5068, stack(0x16840000,0x16890000)]
  0x15b27000 JavaThread "NativeSwing[1] Non-UI Message [5] Executor" daemon [_thread_blocked, id=5164, stack(0x16540000,0x16590000)]
  0x14feb400 JavaThread "Registry cleanup thread-0" daemon [_thread_blocked, id=9900, stack(0x166f0000,0x16740000)]
  0x14fb3800 JavaThread "NativeSwing[1] SWT Receiver" daemon [_thread_blocked, id=9848, stack(0x15aa0000,0x15af0000)]
  0x14f3b000 JavaThread "NativeSwing Shutdown" daemon [_thread_blocked, id=2948, stack(0x15210000,0x15260000)]
  0x14ebb800 JavaThread "Service Thread" daemon [_thread_blocked, id=9616, stack(0x15470000,0x154c0000)]
  0x14eb5800 JavaThread "C1 CompilerThread0" daemon [_thread_blocked, id=420, stack(0x15300000,0x15350000)]
  0x14eb4400 JavaThread "Attach Listener" daemon [_thread_blocked, id=10108, stack(0x150b0000,0x15100000)]
  0x14ebd800 JavaThread "Signal Dispatcher" daemon [_thread_blocked, id=7964, stack(0x15130000,0x15180000)]
  0x14e82000 JavaThread "Finalizer" daemon [_thread_blocked, id=9576, stack(0x010a0000,0x010f0000)]
  0x14e7c800 JavaThread "Reference Handler" daemon [_thread_blocked, id=508, stack(0x04980000,0x049d0000)]
=>0x008cc400 JavaThread "main" [_thread_in_native, id=5960, stack(0x00f90000,0x00fe0000)]

Other Threads:
  0x14e79400 VMThread [stack: 0x00450000,0x004a0000] [id=1944]
  0x14ee0800 WatcherThread [stack: 0x152b0000,0x15300000] [id=9060]

VM state:not at safepoint (normal execution)

VM Mutex/Monitor currently owned by a thread: None

Heap:
 def new generation   total 4928K, used 4556K [0x04a00000, 0x04f50000, 0x09f50000)
  eden space 4416K,  91% used [0x04a00000, 0x04df3160, 0x04e50000)
  from space 512K, 100% used [0x04ed0000, 0x04f50000, 0x04f50000)
  to   space 512K,   0% used [0x04e50000, 0x04e50000, 0x04ed0000)
 tenured generation   total 10944K, used 830K [0x09f50000, 0x0aa00000, 0x14a00000)
   the space 10944K,   7% used [0x09f50000, 0x0a01fbc8, 0x0a01fc00, 0x0aa00000)
 Metaspace       used 4310K, capacity 4370K, committed 4416K, reserved 4480K

Card table byte_map: [0x00e50000,0x00ee0000] byte_map_base: 0x00e2b000

Polling page: 0x00190000

CodeCache: size=32768Kb used=854Kb max_used=854Kb free=31913Kb
 bounds [0x028e0000, 0x029b8000, 0x048e0000]
 total_blobs=274 nmethods=99 adapters=106
 compilation: enabled

Compilation events (10 events):
Event: 1.353 Thread 0x14eb5800   94             sun.reflect.ClassFileAssembler::cpi (22 bytes)
Event: 1.353 Thread 0x14eb5800 nmethod 94 0x029b4a48 code [0x029b4b50, 0x029b4c4c]
Event: 1.353 Thread 0x14eb5800   95             java.lang.System::getSecurityManager (4 bytes)
Event: 1.353 Thread 0x14eb5800 nmethod 95 0x029b4cc8 code [0x029b4dc0, 0x029b4e30]
Event: 1.378 Thread 0x14eb5800   96  s          java.util.Hashtable::get (69 bytes)
Event: 1.378 Thread 0x14eb5800 nmethod 96 0x029b4e88 code [0x029b4fb0, 0x029b5278]
Event: 1.379 Thread 0x14eb5800   97             org.eclipse.swt.internal.LONG::equals (38 bytes)
Event: 1.380 Thread 0x14eb5800 nmethod 97 0x029b5408 code [0x029b5500, 0x029b5610]
Event: 1.415 Thread 0x14eb5800   98             sun.reflect.ByteVectorImpl::getLength (7 bytes)
Event: 1.415 Thread 0x14eb5800 nmethod 98 0x029b56c8 code [0x029b57c0, 0x029b5840]

GC Heap History (2 events):
Event: 1.200 GC heap before
{Heap before GC invocations=0 (full 0):
 def new generation   total 4928K, used 4416K [0x04a00000, 0x04f50000, 0x09f50000)
  eden space 4416K, 100% used [0x04a00000, 0x04e50000, 0x04e50000)
  from space 512K,   0% used [0x04e50000, 0x04e50000, 0x04ed0000)
  to   space 512K,   0% used [0x04ed0000, 0x04ed0000, 0x04f50000)
 tenured generation   total 10944K, used 0K [0x09f50000, 0x0aa00000, 0x14a00000)
   the space 10944K,   0% used [0x09f50000, 0x09f50000, 0x09f50200, 0x0aa00000)
 Metaspace       used 3164K, capacity 3200K, committed 3264K, reserved 4480K
Event: 1.203 GC heap after
Heap after GC invocations=1 (full 0):
 def new generation   total 4928K, used 512K [0x04a00000, 0x04f50000, 0x09f50000)
  eden space 4416K,   0% used [0x04a00000, 0x04a00000, 0x04e50000)
  from space 512K, 100% used [0x04ed0000, 0x04f50000, 0x04f50000)
  to   space 512K,   0% used [0x04e50000, 0x04e50000, 0x04ed0000)
 tenured generation   total 10944K, used 830K [0x09f50000, 0x0aa00000, 0x14a00000)
   the space 10944K,   7% used [0x09f50000, 0x0a01fbc8, 0x0a01fc00, 0x0aa00000)
 Metaspace       used 3164K, capacity 3200K, committed 3264K, reserved 4480K
}

Deoptimization events (0 events):
No events

Internal exceptions (10 events):
Event: 1.353 Thread 0x14fb3800 Exception <a 'java/lang/NoSuchMethodError': <clinit>> (0x04d5b858) thrown at [C:\re\workspace\8-2-build-windows-i586-cygwin\jdk8u51\3951\hotspot\src\share\vm\prims\jni.cpp, line 1598]
Event: 1.392 Thread 0x008cc400 Exception <a 'java/lang/ClassNotFoundException': sun/net/www/protocol/about/Handler> (0x04d7ea98) thrown at [C:\re\workspace\8-2-build-windows-i586-cygwin\jdk8u51\3951\hotspot\src\share\vm\classfile\systemDictionary.cpp, line 210]
Event: 1.393 Thread 0x14fb3800 Exception <a 'java/lang/NoSuchMethodError': <clinit>> (0x04d8d370) thrown at [C:\re\workspace\8-2-build-windows-i586-cygwin\jdk8u51\3951\hotspot\src\share\vm\prims\jni.cpp, line 1598]
Event: 1.415 Thread 0x008cc400 Exception <a 'java/lang/NoSuchMethodError': <clinit>> (0x04dca150) thrown at [C:\re\workspace\8-2-build-windows-i586-cygwin\jdk8u51\3951\hotspot\src\share\vm\prims\jni.cpp, line 1598]
Event: 1.415 Thread 0x008cc400 Exception <a 'java/lang/NoSuchMethodError': <clinit>> (0x04dcc0e0) thrown at [C:\re\workspace\8-2-build-windows-i586-cygwin\jdk8u51\3951\hotspot\src\share\vm\prims\jni.cpp, line 1598]
Event: 4.303 Thread 0x14fb3800 Exception <a 'sun/net/ConnectionResetException': > (0x04da9b18) thrown at [C:\re\workspace\8-2-build-windows-i586-cygwin\jdk8u51\3951\hotspot\src\share\vm\prims\jni.cpp, line 735]
Event: 4.303 Thread 0x14fb3800 Exception <a 'sun/net/ConnectionResetException': > (0x04da9ce8) thrown at [C:\re\workspace\8-2-build-windows-i586-cygwin\jdk8u51\3951\hotspot\src\share\vm\prims\jni.cpp, line 735]
Event: 4.433 Thread 0x008cc400 Exception <a 'java/io/IOException'> (0x04dd9bf8) thrown at [C:\re\workspace\8-2-build-windows-i586-cygwin\jdk8u51\3951\hotspot\src\share\vm\prims\jni.cpp, line 709]
Event: 4.433 Thread 0x008cc400 Exception <a 'java/io/IOException'> (0x04dda038) thrown at [C:\re\workspace\8-2-build-windows-i586-cygwin\jdk8u51\3951\hotspot\src\share\vm\prims\jni.cpp, line 709]
Event: 4.433 Thread 0x008cc400 Exception <a 'java/io/IOException'> (0x04dda3d8) thrown at [C:\re\workspace\8-2-build-windows-i586-cygwin\jdk8u51\3951\hotspot\src\share\vm\prims\jni.cpp, line 709]

Events (10 events):
Event: 4.303 loading class java/util/IdentityHashMap$KeyIterator
Event: 4.303 loading class java/util/IdentityHashMap$IdentityHashMapIterator
Event: 4.303 loading class java/util/IdentityHashMap$IdentityHashMapIterator done
Event: 4.303 loading class java/util/IdentityHashMap$KeyIterator done
Event: 4.303 Thread 0x15052000 Thread added: 0x15052000
Event: 4.304 Thread 0x15052400 Thread added: 0x15052400
Event: 4.304 loading class chrriis/dj/nativeswing/swtimpl/core/SWTNativeInterface$5
Event: 4.304 loading class chrriis/dj/nativeswing/swtimpl/core/SWTNativeInterface$5 done
Event: 4.433 loading class java/io/InterruptedIOException
Event: 4.433 loading class java/io/InterruptedIOException done


Dynamic libraries:
0x011d0000 - 0x01203000 	C:\Program Files (x86)\Java\jre1.8.0_51\bin\java.exe
0x77af0000 - 0x77c70000 	C:\Windows\SysWOW64\ntdll.dll
0x77550000 - 0x77660000 	C:\Windows\syswow64\kernel32.dll
0x76cb0000 - 0x76cf6000 	C:\Windows\syswow64\KERNELBASE.dll
0x774b0000 - 0x77550000 	C:\Windows\syswow64\ADVAPI32.dll
0x75ae0000 - 0x75b8c000 	C:\Windows\syswow64\msvcrt.dll
0x75750000 - 0x75769000 	C:\Windows\SysWOW64\sechost.dll
0x758d0000 - 0x759c0000 	C:\Windows\syswow64\RPCRT4.dll
0x75650000 - 0x756b0000 	C:\Windows\syswow64\SspiCli.dll
0x75640000 - 0x7564c000 	C:\Windows\syswow64\CRYPTBASE.dll
0x76b20000 - 0x76c20000 	C:\Windows\syswow64\USER32.dll
0x756b0000 - 0x75740000 	C:\Windows\syswow64\GDI32.dll
0x75740000 - 0x7574a000 	C:\Windows\syswow64\LPK.dll
0x76d00000 - 0x76d9d000 	C:\Windows\syswow64\USP10.dll
0x75120000 - 0x752be000 	C:\Windows\WinSxS\x86_microsoft.windows.common-controls_6595b64144ccf1df_6.0.7601.17514_none_41e6975e2bd6f2b2\COMCTL32.dll
0x759c0000 - 0x75a17000 	C:\Windows\syswow64\SHLWAPI.dll
0x75da0000 - 0x75e00000 	C:\Windows\system32\IMM32.DLL
0x75c20000 - 0x75cec000 	C:\Windows\syswow64\MSCTF.dll
0x65980000 - 0x65a3f000 	C:\Program Files (x86)\Java\jre1.8.0_51\bin\msvcr100.dll
0x56b80000 - 0x56f40000 	C:\Program Files (x86)\Java\jre1.8.0_51\bin\client\jvm.dll
0x71f60000 - 0x71f67000 	C:\Windows\system32\WSOCK32.dll
0x75aa0000 - 0x75ad5000 	C:\Windows\syswow64\WS2_32.dll
0x76ee0000 - 0x76ee6000 	C:\Windows\syswow64\NSI.dll
0x74cd0000 - 0x74d02000 	C:\Windows\system32\WINMM.dll
0x75350000 - 0x75359000 	C:\Windows\system32\VERSION.dll
0x77ac0000 - 0x77ac5000 	C:\Windows\syswow64\PSAPI.DLL
0x585f0000 - 0x585fc000 	C:\Program Files (x86)\Java\jre1.8.0_51\bin\verify.dll
0x56a90000 - 0x56ab1000 	C:\Program Files (x86)\Java\jre1.8.0_51\bin\java.dll
0x56a70000 - 0x56a83000 	C:\Program Files (x86)\Java\jre1.8.0_51\bin\zip.dll
0x75ed0000 - 0x76b1a000 	C:\Windows\syswow64\SHELL32.dll
0x75770000 - 0x758cc000 	C:\Windows\syswow64\ole32.dll
0x75560000 - 0x7556b000 	C:\Windows\system32\profapi.dll
0x56a50000 - 0x56a65000 	C:\Program Files (x86)\Java\jre1.8.0_51\bin\net.dll
0x74e00000 - 0x74e3c000 	C:\Windows\system32\mswsock.dll
0x74de0000 - 0x74de6000 	C:\Windows\System32\wship6.dll
0x154c0000 - 0x15530000 	C:\Users\SANDRA\.swt\lib\win32\x86\swt-win32-4430.dll
0x75b90000 - 0x75c1f000 	C:\Windows\syswow64\OLEAUT32.dll
0x75a20000 - 0x75a9b000 	C:\Windows\syswow64\comdlg32.dll
0x6c170000 - 0x6c1c1000 	C:\Windows\system32\WINSPOOL.DRV
0x77090000 - 0x77185000 	C:\Windows\syswow64\WININET.dll
0x76da0000 - 0x76ed6000 	C:\Windows\syswow64\urlmon.dll
0x77190000 - 0x772ad000 	C:\Windows\syswow64\CRYPT32.dll
0x75d80000 - 0x75d8c000 	C:\Windows\syswow64\MSASN1.dll
0x772b0000 - 0x774ab000 	C:\Windows\syswow64\iertutil.dll
0x750a0000 - 0x75120000 	C:\Windows\system32\uxtheme.dll
0x74dc0000 - 0x74dd3000 	C:\Windows\system32\dwmapi.dll
0x65ee0000 - 0x66025000 	C:\Program Files (x86)\Java\jre1.8.0_51\bin\awt.dll
0x76c20000 - 0x76ca3000 	C:\Windows\syswow64\CLBCatQ.DLL
0x5cdc0000 - 0x5d840000 	C:\Windows\SysWOW64\ieframe.dll
0x74f40000 - 0x74f7c000 	C:\Windows\SysWOW64\OLEACC.dll
0x753b0000 - 0x753c6000 	C:\Windows\system32\CRYPTSP.dll
0x75060000 - 0x7509b000 	C:\Windows\system32\rsaenh.dll
0x62120000 - 0x6217f000 	C:\Windows\system32\SXS.DLL
0x75370000 - 0x7537e000 	C:\Windows\system32\RpcRtRemote.dll
0x729f0000 - 0x72a3c000 	C:\Windows\system32\apphelp.dll
0x752d0000 - 0x75314000 	C:\Windows\system32\dnsapi.DLL
0x75330000 - 0x7534c000 	C:\Windows\system32\iphlpapi.DLL
0x752c0000 - 0x752c7000 	C:\Windows\system32\WINNSI.DLL
0x5c760000 - 0x5cd17000 	C:\Windows\SysWOW64\mshtml.dll
0x5c730000 - 0x5c75a000 	C:\Windows\SysWOW64\msls31.dll
0x5c620000 - 0x5c6d2000 	C:\Windows\SysWOW64\jscript.dll
0x5e200000 - 0x5e22e000 	C:\Windows\system32\MLANG.dll
0x76ef0000 - 0x7708d000 	C:\Windows\syswow64\SETUPAPI.dll
0x75e00000 - 0x75e27000 	C:\Windows\syswow64\CFGMGR32.dll
0x75e30000 - 0x75e42000 	C:\Windows\syswow64\DEVOBJ.dll
0x71530000 - 0x71569000 	C:\Windows\system32\MMDevAPI.DLL
0x70890000 - 0x70985000 	C:\Windows\system32\PROPSYS.dll
0x70650000 - 0x70680000 	C:\Windows\system32\wdmaud.drv
0x74a50000 - 0x74a54000 	C:\Windows\system32\ksuser.dll
0x714f0000 - 0x714f7000 	C:\Windows\system32\AVRT.dll
0x70580000 - 0x705b6000 	C:\Windows\system32\AUDIOSES.DLL
0x70a80000 - 0x70a88000 	C:\Windows\system32\msacm32.drv
0x70a60000 - 0x70a74000 	C:\Windows\system32\MSACM32.dll
0x70a50000 - 0x70a57000 	C:\Windows\system32\midimap.dll
0x73090000 - 0x7317b000 	C:\Windows\system32\dbghelp.dll

VM Arguments:
jvm_args: -Djava.library.path=C:\Program Files (x86)\Java\jre1.8.0_51\bin;C:\Windows\Sun\Java\bin;C:\Windows\system32;C:\Windows;C:/Program Files (x86)/Java/jre1.8.0_51/bin/client;C:/Program Files (x86)/Java/jre1.8.0_51/bin;C:/Program Files (x86)/Java/jre1.8.0_51/lib/i386;C:\ProgramData\Oracle\Java\javapath;C:\Windows\system32;C:\Windows;C:\Windows\system32\wbem;C:\Program Files (x86)\Common Files\Intel\Shared Files\cpp\bin\Intel64;C:\Windows\System32\WindowsPowerShell\v1.0;C:\Program Files (x86)\Skype\Phone;C:\Program Files (x86)\Common Files\Ulead Systems\MPEG;C:\adb;C:\Program Files\Java\jdk1.8.0_51\bin;C:\Ruby22-x64\bin;C:\eclipse-java-luna-SR2-win32;;. -Dnativeswing.localhostAddress=127.0.0.1 
java_command: chrriis.dj.nativeswing.swtimpl.NativeInterface 1 64343
java_class_path (initial): C:\PROYECTOS 2015\LABORATORIO CLINICO\programacion java\Laboratorio_clinico\DJNativeSwing.jar;C:\PROYECTOS 2015\LABORATORIO CLINICO\programacion java\Laboratorio_clinico\DJNativeSwing-SWT.jar;C:\PROYECTOS 2015\LABORATORIO CLINICO\programacion java\Laboratorio_clinico\swt.jar
Launcher Type: SUN_STANDARD

Environment Variables:
JAVA_HOME=C:\Program Files\Java\jdk1.8.0_51
PATH=C:/Program Files (x86)/Java/jre1.8.0_51/bin/client;C:/Program Files (x86)/Java/jre1.8.0_51/bin;C:/Program Files (x86)/Java/jre1.8.0_51/lib/i386;C:\ProgramData\Oracle\Java\javapath;C:\Windows\system32;C:\Windows;C:\Windows\system32\wbem;C:\Program Files (x86)\Common Files\Intel\Shared Files\cpp\bin\Intel64;C:\Windows\System32\WindowsPowerShell\v1.0;C:\Program Files (x86)\Skype\Phone;C:\Program Files (x86)\Common Files\Ulead Systems\MPEG;C:\adb;C:\Program Files\Java\jdk1.8.0_51\bin;C:\Ruby22-x64\bin;C:\eclipse-java-luna-SR2-win32;
USERNAME=SANDRA
OS=Windows_NT
PROCESSOR_IDENTIFIER=AMD64 Family 16 Model 4 Stepping 3, AuthenticAMD



---------------  S Y S T E M  ---------------

OS: Windows 7 , 64 bit Build 7601 (6.1.7601.17514)

CPU:total 4 (4 cores per cpu, 1 threads per core) family 16 model 4 stepping 3, cmov, cx8, fxsr, mmx, sse, sse2, sse3, popcnt, mmxext, 3dnowpref, lzcnt, sse4a, tsc, tscinvbit, tscinv

Memory: 4k page, physical 6289592k(684888k free), swap 12577340k(5665076k free)

vm_info: Java HotSpot(TM) Client VM (25.51-b03) for windows-x86 JRE (1.8.0_51-b16), built on Jun  8 2015 18:00:23 by "java_re" with MS VC++ 10.0 (VS2010)

time: Wed Jun 01 16:16:40 2016
elapsed time: 4 seconds (0d 0h 0m 4s)

